<?xml version="1.0" encoding="UTF-8"?>
<!-- Generated by org.testng.reporters.JUnitReportReporter -->
<testsuite hostname="Karthick" name="com.selenium.testng.basics.ParameterSamples" tests="4" failures="0" timestamp="4 Apr 2018 17:41:32 GMT" time="0.035" errors="0">
  <testcase name="X" time="0.004" classname="com.selenium.testng.basics.ParameterSamples"/>
  <testcase name="X" time="0.026" classname="com.selenium.testng.basics.ParameterSamples"/>
  <testcase name="X" time="0.004" classname="com.selenium.testng.basics.ParameterSamples"/>
  <testcase name="X" time="0.001" classname="com.selenium.testng.basics.ParameterSamples"/>
</testsuite> <!-- com.selenium.testng.basics.ParameterSamples -->
